[
  {
    name: 'updatehistory',
    description: 'Updates history',
    options: [ [Object] ]
  },
  { name: 'disable', description: 'Disable the bot in the server' },
  { name: 'enable', description: 'Enable the bot in the server' },
  {
    name: 'region',
    description: 'change region using ISO 3166-1 alpha-2 format',
    options: [ [Object] ]
  },
  {
    name: 'pingrole',
    description: 'starts pinging the given role when someone is playing',
    options: [ [Object] ]
  }
]
Ready!
Registered slash command: updatehistory
Registered slash command: disable
Registered slash command: enable
Registered slash command: region
Registered slash command: pingrole
Last check 2024-08-11T11:24:08.517Z with 0 new entries
Last check 2024-08-11T11:24:46.259Z with 0 new entries
